#
# A fatal error has been detected by the Java Runtime Environment:
#
#  EXCEPTION_ACCESS_VIOLATION (0xc0000005) at pc=0x00007ffe6817dfa2, pid=20464, tid=17092
#
# JRE version: OpenJDK Runtime Environment (23.0.2+7) (build 23.0.2+7-58)
# Java VM: OpenJDK 64-Bit Server VM (23.0.2+7-58, mixed mode, sharing, tiered, compressed oops, compressed class ptrs, g1 gc, windows-amd64)
# Problematic frame:
# V  [jvm.dll+0x21dfa2]
#
# No core dump will be written. Minidumps are not enabled by default on client versions of Windows
#
# If you would like to submit a bug report, please visit:
#   https://bugreport.java.com/bugreport/crash.jsp
#

---------------  S U M M A R Y ------------

Command Line: -javaagent:C:\Program Files\JetBrains\IntelliJ IDEA Community Edition 2024.2.3\lib\idea_rt.jar=61373:C:\Program Files\JetBrains\IntelliJ IDEA Community Edition 2024.2.3\bin -Dfile.encoding=UTF-8 -Dsun.stdout.encoding=UTF-8 -Dsun.stderr.encoding=UTF-8 com.Server.ConfigServier.ConfigServierApplication

Host: Intel(R) Core(TM) i5-9300H CPU @ 2.40GHz, 8 cores, 15G,  Windows 10 , 64 bit Build 19041 (10.0.19041.5438)
Time: Sun Mar 23 21:05:06 2025 India Standard Time elapsed time: 2.035135 seconds (0d 0h 0m 2s)

---------------  T H R E A D  ---------------

Current thread (0x0000019e795b3490):  WorkerThread "GC Thread#6"    [id=17092, stack(0x00000009f8c00000,0x00000009f8d00000) (1024K)]

Stack: [0x00000009f8c00000,0x00000009f8d00000],  sp=0x00000009f8cff9f0,  free space=1022k
Native frames: (J=compiled Java code, j=interpreted, Vv=VM code, C=native code)
V  [jvm.dll+0x21dfa2]  (no source info available)
V  [jvm.dll+0x35ae9b]  (no source info available)
V  [jvm.dll+0x21fdc8]  (no source info available)
V  [jvm.dll+0x36cd7e]  (no source info available)
V  [jvm.dll+0x36cbba]  (no source info available)
V  [jvm.dll+0x375244]  (no source info available)
V  [jvm.dll+0x37555b]  (no source info available)
V  [jvm.dll+0x8ae927]  (no source info available)
V  [jvm.dll+0x8254cb]  (no source info available)
V  [jvm.dll+0x6df345]  (no source info available)
C  [ucrtbase.dll+0x21bb2]  (no source info available)
C  [KERNEL32.DLL+0x17374]  (no source info available)
C  [ntdll.dll+0x4cc91]  (no source info available)


siginfo: EXCEPTION_ACCESS_VIOLATION (0xc0000005), reading address 0x0000018e7a29f9b0


Registers:
RAX=0x0000000000000000, RBX=0x0000019e7a29fd10, RCX=0x0000019e1416b2a0, RDX=0x0000000000000074
RSP=0x00000009f8cff9f0, RBP=0x0000000000000000, RSI=0x0000019e7c72d9a8, RDI=0x0000018e7a29f8b0
R8 =0x0000019e14162330, R9 =0x0000019e7c72d9a8, R10=0x00007ffe9be90000, R11=0x00000009f8cff950
R12=0x0000019e337d9538, R13=0x00000000000003d8, R14=0x0000019e7c72d970, R15=0x0000019e79381480
RIP=0x00007ffe6817dfa2, EFLAGS=0x0000000000010202


Register to memory mapping:

RAX=0x0 is null
RBX=0x0000019e7a29fd10 points into unknown readable memory: 0x0000000000000020 | 20 00 00 00 00 00 00 00
RCX=0x0000019e1416b2a0 points into unknown readable memory: 0x0000000000000000 | 00 00 00 00 00 00 00 00
RDX=0x0000000000000074 is an unknown value
RSP=0x00000009f8cff9f0 points into unknown readable memory: 0x0000019e7a29fd08 | 08 fd 29 7a 9e 01 00 00
RBP=0x0 is null
RSI=0x0000019e7c72d9a8 points into unknown readable memory: 0x00007ffe68965578 | 78 55 96 68 fe 7f 00 00
RDI=0x0000018e7a29f8b0 is an unknown value
R8 =0x0000019e14162330 points into unknown readable memory: 0x00007ffe6895ab90 | 90 ab 95 68 fe 7f 00 00
R9 =0x0000019e7c72d9a8 points into unknown readable memory: 0x00007ffe68965578 | 78 55 96 68 fe 7f 00 00
R10=0x00007ffe9be90000 VCRUNTIME140.dll
R11=0x00000009f8cff950 points into unknown readable memory: 0x0000019e79381480 | 80 14 38 79 9e 01 00 00
R12=0x0000019e337d9538 points into unknown readable memory: 0x8800090085ec82c7 | c7 82 ec 85 00 09 00 88
R13=0x00000000000003d8 is an unknown value
R14=0x0000019e7c72d970 points into unknown readable memory: 0x00007ffe689655a8 | a8 55 96 68 fe 7f 00 00
R15=0x0000019e79381480 points into unknown readable memory: 0x0000019e00000008 | 08 00 00 00 9e 01 00 00

Top of Stack: (sp=0x00000009f8cff9f0)
0x00000009f8cff9f0:   0000019e7a29fd08 0000019e7c000001
0x00000009f8cffa00:   0000019e7c000001 00007ffe68790077
0x00000009f8cffa10:   0000019e7c72da08 00007ffe682bae9b
0x00000009f8cffa20:   0000019e7c72da08 0000019e7c72da08
0x00000009f8cffa30:   0000000000000004 00007ffe682a7522
0x00000009f8cffa40:   0000019e337f8070 00007ffe6817fdc8
0x00000009f8cffa50:   000000000134c072 000000011fcebaa8
0x00000009f8cffa60:   000000000134c074 000000011fcebcd6
0x00000009f8cffa70:   0000019e7c72d901 00007ffe682ccd7e
0x00000009f8cffa80:   0000019e7c72da08 00000009f79fe8a0
0x00000009f8cffa90:   0000019e7c72da20 00000009f79fe8a0
0x00000009f8cffaa0:   0000019e11f60200 00007ffe682b17be
0x00000009f8cffab0:   00007ffe6895f230 000000000134c074
0x00000009f8cffac0:   000000011fcebcd6 0000000000000005
0x00000009f8cffad0:   0000019e79381480 0000019e00000004
0x00000009f8cffae0:   0000000000000000 0000000000000000
0x00000009f8cffaf0:   0000000000000000 0000019e337d9538
0x00000009f8cffb00:   0000000000000000 0000000000000000
0x00000009f8cffb10:   0000019e337d9150 0000019e79381480
0x00000009f8cffb20:   0000019e7c72d970 00007ffe682ccbba
0x00000009f8cffb30:   0000019e7a1e4530 0000000000000004
0x00000009f8cffb40:   00000009f79fe8a0 0000000000000004
0x00000009f8cffb50:   0000000000000004 0000000000000008
0x00000009f8cffb60:   0000000000000005 00007ffe68010000
0x00000009f8cffb70:   0000000000000000 00007ffe686322a1
0x00000009f8cffb80:   0000000000000008 00000000000000f8
0x00000009f8cffb90:   0000000000000001 00007ffe68013efe
0x00000009f8cffba0:   0000000000000005 00007ffe680169d6
0x00000009f8cffbb0:   0000000000000000 0000000000000008
0x00000009f8cffbc0:   00007ffe6895f240 000000000134bf23
0x00000009f8cffbd0:   000000011fcd80e0 0000000000000003
0x00000009f8cffbe0:   0000019e79381480 0000019e00000004 

Instructions: (pc=0x00007ffe6817dfa2)
0x00007ffe6817dea2:   ea 04 49 00 48 89 75 48 48 85 ff 74 08 48 8b cf
0x00007ffe6817deb2:   e8 79 06 49 00 48 8b 7c 24 40 48 85 db 74 08 48
0x00007ffe6817dec2:   8b cb e8 67 06 49 00 48 8b 5c 24 30 48 8b c6 48
0x00007ffe6817ded2:   8b 74 24 38 48 83 c4 20 5d c3 cc cc cc cc 48 89
0x00007ffe6817dee2:   5c 24 08 57 48 83 ec 20 48 8b d9 48 8b fa 48 8b
0x00007ffe6817def2:   49 50 48 85 c9 74 02 ff d7 48 8b 43 48 48 85 c0
0x00007ffe6817df02:   74 0c 48 8b 4b 48 48 8b d7 e8 10 50 48 00 48 8b
0x00007ffe6817df12:   5c 24 30 48 83 c4 20 5f c3 cc cc cc cc cc 48 8b
0x00007ffe6817df22:   05 b9 3c a8 00 4c 8b c9 48 c1 e8 0c 48 8d 0d 23
0x00007ffe6817df32:   fa 7b 00 83 e0 0f 8b 0c 81 48 d3 e2 48 0b 15 9b
0x00007ffe6817df42:   3c a8 00 49 89 11 c3 cc cc cc cc cc cc cc 48 89
0x00007ffe6817df52:   6c 24 18 56 48 83 ec 20 48 8b 29 48 8b f2 48 85
0x00007ffe6817df62:   ed 74 78 8b 85 00 01 00 00 48 89 7c 24 38 48 89
0x00007ffe6817df72:   5c 24 30 85 c0 74 1d 48 8b dd 8b f8 66 90 48 8b
0x00007ffe6817df82:   06 48 8b d3 48 8b ce ff 50 08 48 83 c3 08 48 83
0x00007ffe6817df92:   ef 01 75 ea 48 8b bd 08 01 00 00 48 85 ff 74 31
0x00007ffe6817dfa2:   8b 87 00 01 00 00 85 c0 74 1b 48 8b df 8b e8 48
0x00007ffe6817dfb2:   8b 06 48 8b d3 48 8b ce ff 50 08 48 83 c3 08 48
0x00007ffe6817dfc2:   83 ed 01 75 ea 48 8b bf 08 01 00 00 48 85 ff 75
0x00007ffe6817dfd2:   cf 48 8b 5c 24 30 48 8b 7c 24 38 48 8b 6c 24 40
0x00007ffe6817dfe2:   48 83 c4 20 5e c3 cc cc cc cc cc cc cc cc 40 53
0x00007ffe6817dff2:   48 8b d9 45 85 c0 74 37 44 8b 59 28 45 8b d3 45
0x00007ffe6817e002:   23 d0 45 3b d0 74 3b 0f 1f 80 00 00 00 00 41 8b
0x00007ffe6817e012:   cb 41 8b c3 41 0b c8 f0 0f b1 4b 28 74 11 44 8b
0x00007ffe6817e022:   5b 28 41 8b c3 41 23 c0 41 3b c0 75 e1 5b c3 45
0x00007ffe6817e032:   84 c9 74 04 c6 43 22 00 48 8d 4b 30 5b e9 0c ff
0x00007ffe6817e042:   ff ff 5b c3 cc cc cc cc cc cc cc cc cc cc 48 8b
0x00007ffe6817e052:   41 40 48 85 c0 74 09 48 8b 49 40 e9 be 4e 48 00
0x00007ffe6817e062:   c3 cc cc cc cc cc cc cc cc cc cc cc cc cc 48 89
0x00007ffe6817e072:   5c 24 08 57 48 83 ec 20 80 79 20 00 48 8b fa 48
0x00007ffe6817e082:   8b d9 75 50 48 8b 49 08 48 85 c9 74 47 ff 15 8b
0x00007ffe6817e092:   cf 9b 00 48 85 c0 74 3c 4c 8b c3 48 8d 15 54 fa 


Stack slot to memory mapping:

stack at sp + 0 slots: 0x0000019e7a29fd08 points into unknown readable memory: 0x000000070efed888 | 88 d8 fe 0e 07 00 00 00
stack at sp + 1 slots: 0x0000019e7c000001 points into unknown readable memory: 00 00 00 00 00 00 00
stack at sp + 2 slots: 0x0000019e7c000001 points into unknown readable memory: 00 00 00 00 00 00 00
stack at sp + 3 slots: 0x00007ffe68790077 jvm.dll
stack at sp + 4 slots: 0x0000019e7c72da08 points into unknown readable memory: 0x00007ffe689654d0 | d0 54 96 68 fe 7f 00 00
stack at sp + 5 slots: 0x00007ffe682bae9b jvm.dll
stack at sp + 6 slots: 0x0000019e7c72da08 points into unknown readable memory: 0x00007ffe689654d0 | d0 54 96 68 fe 7f 00 00
stack at sp + 7 slots: 0x0000019e7c72da08 points into unknown readable memory: 0x00007ffe689654d0 | d0 54 96 68 fe 7f 00 00


---------------  P R O C E S S  ---------------

Threads class SMR info:
_java_thread_list=0x0000019e7a5a7610, length=16, elements={
0x0000019e1414dec0, 0x0000019e336d31b0, 0x0000019e336d40d0, 0x0000019e336d8200,
0x0000019e336dac70, 0x0000019e336db6d0, 0x0000019e336dc130, 0x0000019e336ec3f0,
0x0000019e3370ceb0, 0x0000019e337f1200, 0x0000019e338305a0, 0x0000019e792fe2b0,
0x0000019e7918d070, 0x0000019e7953dff0, 0x0000019e79f22ed0, 0x0000019e7b3a5510
}

Java Threads: ( => current thread )
  0x0000019e1414dec0 JavaThread "main"                              [_thread_blocked, id=4264, stack(0x00000009f7200000,0x00000009f7300000) (1024K)]
  0x0000019e336d31b0 JavaThread "Reference Handler"          daemon [_thread_blocked, id=12912, stack(0x00000009f7a00000,0x00000009f7b00000) (1024K)]
  0x0000019e336d40d0 JavaThread "Finalizer"                  daemon [_thread_blocked, id=3228, stack(0x00000009f7b00000,0x00000009f7c00000) (1024K)]
  0x0000019e336d8200 JavaThread "Signal Dispatcher"          daemon [_thread_blocked, id=18504, stack(0x00000009f7c00000,0x00000009f7d00000) (1024K)]
  0x0000019e336dac70 JavaThread "Attach Listener"            daemon [_thread_blocked, id=20564, stack(0x00000009f7d00000,0x00000009f7e00000) (1024K)]
  0x0000019e336db6d0 JavaThread "Service Thread"             daemon [_thread_blocked, id=17160, stack(0x00000009f7e00000,0x00000009f7f00000) (1024K)]
  0x0000019e336dc130 JavaThread "Monitor Deflation Thread"   daemon [_thread_blocked, id=11000, stack(0x00000009f7f00000,0x00000009f8000000) (1024K)]
  0x0000019e336ec3f0 JavaThread "C2 CompilerThread0"         daemon [_thread_blocked, id=18120, stack(0x00000009f8000000,0x00000009f8100000) (1024K)]
  0x0000019e3370ceb0 JavaThread "C1 CompilerThread0"         daemon [_thread_blocked, id=5052, stack(0x00000009f8100000,0x00000009f8200000) (1024K)]
  0x0000019e337f1200 JavaThread "Common-Cleaner"             daemon [_thread_blocked, id=16616, stack(0x00000009f8200000,0x00000009f8300000) (1024K)]
  0x0000019e338305a0 JavaThread "C2 CompilerThread1"         daemon [_thread_blocked, id=21224, stack(0x00000009f8300000,0x00000009f8400000) (1024K)]
  0x0000019e792fe2b0 JavaThread "Monitor Ctrl-Break"         daemon [_thread_in_native, id=17380, stack(0x00000009f8400000,0x00000009f8500000) (1024K)]
  0x0000019e7918d070 JavaThread "Notification Thread"        daemon [_thread_blocked, id=20636, stack(0x00000009f8500000,0x00000009f8600000) (1024K)]
  0x0000019e7953dff0 JavaThread "C2 CompilerThread2"         daemon [_thread_blocked, id=2364, stack(0x00000009f8b00000,0x00000009f8c00000) (1024K)]
  0x0000019e79f22ed0 JavaThread "background-preinit"                [_thread_blocked, id=3108, stack(0x00000009f8e00000,0x00000009f8f00000) (1024K)]
  0x0000019e7b3a5510 JavaThread "Thread-1"                          [_thread_blocked, id=17024, stack(0x00000009f8f00000,0x00000009f9000000) (1024K)]
Total: 16

Other Threads:
  0x0000019e336b80f0 VMThread "VM Thread"                           [id=8408, stack(0x00000009f7900000,0x00000009f7a00000) (1024K)]
  0x0000019e336a7b90 WatcherThread "VM Periodic Task Thread"        [id=5416, stack(0x00000009f7800000,0x00000009f7900000) (1024K)]
  0x0000019e141b7fe0 WorkerThread "GC Thread#0"                     [id=17252, stack(0x00000009f7300000,0x00000009f7400000) (1024K)]
  0x0000019e795676d0 WorkerThread "GC Thread#1"                     [id=5980, stack(0x00000009f8600000,0x00000009f8700000) (1024K)]
  0x0000019e79567a80 WorkerThread "GC Thread#2"                     [id=3120, stack(0x00000009f8700000,0x00000009f8800000) (1024K)]
  0x0000019e795b1e70 WorkerThread "GC Thread#3"                     [id=21260, stack(0x00000009f8800000,0x00000009f8900000) (1024K)]
  0x0000019e795b1ac0 WorkerThread "GC Thread#4"                     [id=14204, stack(0x00000009f8900000,0x00000009f8a00000) (1024K)]
  0x0000019e795b2d30 WorkerThread "GC Thread#5"                     [id=10512, stack(0x00000009f8a00000,0x00000009f8b00000) (1024K)]
=>0x0000019e795b3490 WorkerThread "GC Thread#6"                     [id=17092, stack(0x00000009f8c00000,0x00000009f8d00000) (1024K)]
  0x0000019e7959dc30 WorkerThread "GC Thread#7"                     [id=608, stack(0x00000009f8d00000,0x00000009f8e00000) (1024K)]
  0x0000019e141cced0 ConcurrentGCThread "G1 Main Marker"            [id=15728, stack(0x00000009f7400000,0x00000009f7500000) (1024K)]
  0x0000019e141ce180 WorkerThread "G1 Conc#0"                       [id=16548, stack(0x00000009f7500000,0x00000009f7600000) (1024K)]
  0x0000019e335765b0 ConcurrentGCThread "G1 Refine#0"               [id=1800, stack(0x00000009f7600000,0x00000009f7700000) (1024K)]
  0x0000019e33579060 ConcurrentGCThread "G1 Service"                [id=10256, stack(0x00000009f7700000,0x00000009f7800000) (1024K)]
Total: 14

Threads with active compile tasks:
C2 CompilerThread0  2155 2387       4       java.lang.invoke.MethodType::makeImpl (109 bytes)
C1 CompilerThread0  2155 2593       3       java.util.regex.Pattern::range (294 bytes)
C2 CompilerThread1  2155 2476   !   4       java.net.URL::<init> (543 bytes)
C2 CompilerThread2  2155 2466       4       java.lang.invoke.MethodType::methodType (69 bytes)
Total: 4

VM state: at safepoint (normal execution)

VM Mutex/Monitor currently owned by a thread:  ([mutex/lock_event])
[0x00007ffe68bd4888] Threads_lock - owner thread: 0x0000019e336b80f0
[0x00007ffe68bd4988] Heap_lock - owner thread: 0x0000019e1414dec0

Heap address: 0x0000000702600000, size: 4058 MB, Compressed Oops mode: Zero based, Oop shift amount: 3

CDS archive(s) mapped at: [0x0000019e34000000-0x0000019e34d70000-0x0000019e34d70000), size 14090240, SharedBaseAddress: 0x0000019e34000000, ArchiveRelocationMode: 1.
Compressed class space mapped at: 0x0000019e35000000-0x0000019e75000000, reserved size: 1073741824
Narrow klass base: 0x0000019e34000000, Narrow klass shift: 0, Narrow klass range: 0x41000000

GC Precious Log:
 CardTable entry size: 512
 Card Set container configuration: InlinePtr #cards 4 size 8 Array Of Cards #cards 16 size 48 Howl #buckets 8 coarsen threshold 3686 Howl Bitmap #cards 512 size 80 coarsen threshold 460 Card regions per heap region 1 cards per card region 4096
 CPUs: 8 total, 8 available
 Memory: 16225M
 Large Page Support: Disabled
 NUMA Support: Disabled
 Compressed Oops: Enabled (Zero based)
 Heap Region Size: 2M
 Heap Min Capacity: 8M
 Heap Initial Capacity: 254M
 Heap Max Capacity: 4058M
 Pre-touch: Disabled
 Parallel Workers: 8
 Concurrent Workers: 2
 Concurrent Refinement Workers: 8
 Periodic GC: Disabled

Heap:
 garbage-first heap   total reserved 4155392K, committed 260096K, used 59004K [0x0000000702600000, 0x0000000800000000)
  region size 2048K, 26 young (53248K), 3 survivors (6144K)
 Metaspace       used 18837K, committed 19136K, reserved 1114112K
  class space    used 2488K, committed 2624K, reserved 1048576K

Heap Regions: E=young(eden), S=young(survivor), O=old, HS=humongous(starts), HC=humongous(continues), CS=collection set, F=free, TAMS=top-at-mark-start, PB=parsable bottom
|   0|0x0000000702600000, 0x0000000702800000, 0x0000000702800000|100%| O|  |TAMS 0x0000000702600000| PB 0x0000000702600000| Untracked |  0
|   1|0x0000000702800000, 0x0000000702a00000, 0x0000000702a00000|100%| O|  |TAMS 0x0000000702800000| PB 0x0000000702800000| Untracked |  0
|   2|0x0000000702a00000, 0x0000000702c00000, 0x0000000702c00000|100%| O|  |TAMS 0x0000000702a00000| PB 0x0000000702a00000| Untracked |  0
|   3|0x0000000702c00000, 0x0000000702e00000, 0x0000000702e00000|100%| O|  |TAMS 0x0000000702c00000| PB 0x0000000702c00000| Untracked |  0
|   4|0x0000000702e00000, 0x0000000702ef1720, 0x0000000703000000| 47%| O|  |TAMS 0x0000000702e00000| PB 0x0000000702e00000| Untracked |  0
|   5|0x0000000703000000, 0x0000000703000000, 0x0000000703200000|  0%| F|  |TAMS 0x0000000703000000| PB 0x0000000703000000| Untracked |  0
|   6|0x0000000703200000, 0x0000000703200000, 0x0000000703400000|  0%| F|  |TAMS 0x0000000703200000| PB 0x0000000703200000| Untracked |  0
|   7|0x0000000703400000, 0x0000000703400000, 0x0000000703600000|  0%| F|  |TAMS 0x0000000703400000| PB 0x0000000703400000| Untracked |  0
|   8|0x0000000703600000, 0x0000000703600000, 0x0000000703800000|  0%| F|  |TAMS 0x0000000703600000| PB 0x0000000703600000| Untracked |  0
|   9|0x0000000703800000, 0x0000000703800000, 0x0000000703a00000|  0%| F|  |TAMS 0x0000000703800000| PB 0x0000000703800000| Untracked |  0
|  10|0x0000000703a00000, 0x0000000703a00000, 0x0000000703c00000|  0%| F|  |TAMS 0x0000000703a00000| PB 0x0000000703a00000| Untracked |  0
|  11|0x0000000703c00000, 0x0000000703c00000, 0x0000000703e00000|  0%| F|  |TAMS 0x0000000703c00000| PB 0x0000000703c00000| Untracked |  0
|  12|0x0000000703e00000, 0x0000000703e00000, 0x0000000704000000|  0%| F|  |TAMS 0x0000000703e00000| PB 0x0000000703e00000| Untracked |  0
|  13|0x0000000704000000, 0x0000000704000000, 0x0000000704200000|  0%| F|  |TAMS 0x0000000704000000| PB 0x0000000704000000| Untracked |  0
|  14|0x0000000704200000, 0x0000000704200000, 0x0000000704400000|  0%| F|  |TAMS 0x0000000704200000| PB 0x0000000704200000| Untracked |  0
|  15|0x0000000704400000, 0x0000000704400000, 0x0000000704600000|  0%| F|  |TAMS 0x0000000704400000| PB 0x0000000704400000| Untracked |  0
|  16|0x0000000704600000, 0x0000000704600000, 0x0000000704800000|  0%| F|  |TAMS 0x0000000704600000| PB 0x0000000704600000| Untracked |  0
|  17|0x0000000704800000, 0x0000000704800000, 0x0000000704a00000|  0%| F|  |TAMS 0x0000000704800000| PB 0x0000000704800000| Untracked |  0
|  18|0x0000000704a00000, 0x0000000704a00000, 0x0000000704c00000|  0%| F|  |TAMS 0x0000000704a00000| PB 0x0000000704a00000| Untracked |  0
|  19|0x0000000704c00000, 0x0000000704c00000, 0x0000000704e00000|  0%| F|  |TAMS 0x0000000704c00000| PB 0x0000000704c00000| Untracked |  0
|  20|0x0000000704e00000, 0x0000000704e00000, 0x0000000705000000|  0%| F|  |TAMS 0x0000000704e00000| PB 0x0000000704e00000| Untracked |  0
|  21|0x0000000705000000, 0x0000000705000000, 0x0000000705200000|  0%| F|  |TAMS 0x0000000705000000| PB 0x0000000705000000| Untracked |  0
|  22|0x0000000705200000, 0x0000000705200000, 0x0000000705400000|  0%| F|  |TAMS 0x0000000705200000| PB 0x0000000705200000| Untracked |  0
|  23|0x0000000705400000, 0x0000000705400000, 0x0000000705600000|  0%| F|  |TAMS 0x0000000705400000| PB 0x0000000705400000| Untracked |  0
|  24|0x0000000705600000, 0x0000000705600000, 0x0000000705800000|  0%| F|  |TAMS 0x0000000705600000| PB 0x0000000705600000| Untracked |  0
|  25|0x0000000705800000, 0x0000000705800000, 0x0000000705a00000|  0%| F|  |TAMS 0x0000000705800000| PB 0x0000000705800000| Untracked |  0
|  26|0x0000000705a00000, 0x0000000705a00000, 0x0000000705c00000|  0%| F|  |TAMS 0x0000000705a00000| PB 0x0000000705a00000| Untracked |  0
|  27|0x0000000705c00000, 0x0000000705c00000, 0x0000000705e00000|  0%| F|  |TAMS 0x0000000705c00000| PB 0x0000000705c00000| Untracked |  0
|  28|0x0000000705e00000, 0x0000000705e00000, 0x0000000706000000|  0%| F|  |TAMS 0x0000000705e00000| PB 0x0000000705e00000| Untracked |  0
|  29|0x0000000706000000, 0x0000000706000000, 0x0000000706200000|  0%| F|  |TAMS 0x0000000706000000| PB 0x0000000706000000| Untracked |  0
|  30|0x0000000706200000, 0x0000000706200000, 0x0000000706400000|  0%| F|  |TAMS 0x0000000706200000| PB 0x0000000706200000| Untracked |  0
|  31|0x0000000706400000, 0x0000000706400000, 0x0000000706600000|  0%| F|  |TAMS 0x0000000706400000| PB 0x0000000706400000| Untracked |  0
|  32|0x0000000706600000, 0x0000000706600000, 0x0000000706800000|  0%| F|  |TAMS 0x0000000706600000| PB 0x0000000706600000| Untracked |  0
|  33|0x0000000706800000, 0x0000000706800000, 0x0000000706a00000|  0%| F|  |TAMS 0x0000000706800000| PB 0x0000000706800000| Untracked |  0
|  34|0x0000000706a00000, 0x0000000706a00000, 0x0000000706c00000|  0%| F|  |TAMS 0x0000000706a00000| PB 0x0000000706a00000| Untracked |  0
|  35|0x0000000706c00000, 0x0000000706c00000, 0x0000000706e00000|  0%| F|  |TAMS 0x0000000706c00000| PB 0x0000000706c00000| Untracked |  0
|  36|0x0000000706e00000, 0x0000000706e00000, 0x0000000707000000|  0%| F|  |TAMS 0x0000000706e00000| PB 0x0000000706e00000| Untracked |  0
|  37|0x0000000707000000, 0x0000000707000000, 0x0000000707200000|  0%| F|  |TAMS 0x0000000707000000| PB 0x0000000707000000| Untracked |  0
|  38|0x0000000707200000, 0x0000000707200000, 0x0000000707400000|  0%| F|  |TAMS 0x0000000707200000| PB 0x0000000707200000| Untracked |  0
|  39|0x0000000707400000, 0x0000000707400000, 0x0000000707600000|  0%| F|  |TAMS 0x0000000707400000| PB 0x0000000707400000| Untracked |  0
|  40|0x0000000707600000, 0x0000000707600000, 0x0000000707800000|  0%| F|  |TAMS 0x0000000707600000| PB 0x0000000707600000| Untracked |  0
|  41|0x0000000707800000, 0x0000000707800000, 0x0000000707a00000|  0%| F|  |TAMS 0x0000000707800000| PB 0x0000000707800000| Untracked |  0
|  42|0x0000000707a00000, 0x0000000707a00000, 0x0000000707c00000|  0%| F|  |TAMS 0x0000000707a00000| PB 0x0000000707a00000| Untracked |  0
|  43|0x0000000707c00000, 0x0000000707c00000, 0x0000000707e00000|  0%| F|  |TAMS 0x0000000707c00000| PB 0x0000000707c00000| Untracked |  0
|  44|0x0000000707e00000, 0x0000000707e00000, 0x0000000708000000|  0%| F|  |TAMS 0x0000000707e00000| PB 0x0000000707e00000| Untracked |  0
|  45|0x0000000708000000, 0x0000000708000000, 0x0000000708200000|  0%| F|  |TAMS 0x0000000708000000| PB 0x0000000708000000| Untracked |  0
|  46|0x0000000708200000, 0x0000000708200000, 0x0000000708400000|  0%| F|  |TAMS 0x0000000708200000| PB 0x0000000708200000| Untracked |  0
|  47|0x0000000708400000, 0x0000000708400000, 0x0000000708600000|  0%| F|  |TAMS 0x0000000708400000| PB 0x0000000708400000| Untracked |  0
|  48|0x0000000708600000, 0x0000000708600000, 0x0000000708800000|  0%| F|  |TAMS 0x0000000708600000| PB 0x0000000708600000| Untracked |  0
|  49|0x0000000708800000, 0x0000000708800000, 0x0000000708a00000|  0%| F|  |TAMS 0x0000000708800000| PB 0x0000000708800000| Untracked |  0
|  50|0x0000000708a00000, 0x0000000708a00000, 0x0000000708c00000|  0%| F|  |TAMS 0x0000000708a00000| PB 0x0000000708a00000| Untracked |  0
|  51|0x0000000708c00000, 0x0000000708c00000, 0x0000000708e00000|  0%| F|  |TAMS 0x0000000708c00000| PB 0x0000000708c00000| Untracked |  0
|  52|0x0000000708e00000, 0x0000000708e00000, 0x0000000709000000|  0%| F|  |TAMS 0x0000000708e00000| PB 0x0000000708e00000| Untracked |  0
|  53|0x0000000709000000, 0x0000000709000000, 0x0000000709200000|  0%| F|  |TAMS 0x0000000709000000| PB 0x0000000709000000| Untracked |  0
|  54|0x0000000709200000, 0x0000000709200000, 0x0000000709400000|  0%| F|  |TAMS 0x0000000709200000| PB 0x0000000709200000| Untracked |  0
|  55|0x0000000709400000, 0x0000000709400000, 0x0000000709600000|  0%| F|  |TAMS 0x0000000709400000| PB 0x0000000709400000| Untracked |  0
|  56|0x0000000709600000, 0x0000000709600000, 0x0000000709800000|  0%| F|  |TAMS 0x0000000709600000| PB 0x0000000709600000| Untracked |  0
|  57|0x0000000709800000, 0x0000000709800000, 0x0000000709a00000|  0%| F|  |TAMS 0x0000000709800000| PB 0x0000000709800000| Untracked |  0
|  58|0x0000000709a00000, 0x0000000709a00000, 0x0000000709c00000|  0%| F|  |TAMS 0x0000000709a00000| PB 0x0000000709a00000| Untracked |  0
|  59|0x0000000709c00000, 0x0000000709c00000, 0x0000000709e00000|  0%| F|  |TAMS 0x0000000709c00000| PB 0x0000000709c00000| Untracked |  0
|  60|0x0000000709e00000, 0x0000000709e00000, 0x000000070a000000|  0%| F|  |TAMS 0x0000000709e00000| PB 0x0000000709e00000| Untracked |  0
|  61|0x000000070a000000, 0x000000070a000000, 0x000000070a200000|  0%| F|  |TAMS 0x000000070a000000| PB 0x000000070a000000| Untracked |  0
|  62|0x000000070a200000, 0x000000070a200000, 0x000000070a400000|  0%| F|  |TAMS 0x000000070a200000| PB 0x000000070a200000| Untracked |  0
|  63|0x000000070a400000, 0x000000070a400000, 0x000000070a600000|  0%| F|  |TAMS 0x000000070a400000| PB 0x000000070a400000| Untracked |  0
|  64|0x000000070a600000, 0x000000070a600000, 0x000000070a800000|  0%| F|  |TAMS 0x000000070a600000| PB 0x000000070a600000| Untracked |  0
|  65|0x000000070a800000, 0x000000070a800000, 0x000000070aa00000|  0%| F|  |TAMS 0x000000070a800000| PB 0x000000070a800000| Untracked |  0
|  66|0x000000070aa00000, 0x000000070aa00000, 0x000000070ac00000|  0%| F|  |TAMS 0x000000070aa00000| PB 0x000000070aa00000| Untracked |  0
|  67|0x000000070ac00000, 0x000000070ac00000, 0x000000070ae00000|  0%| F|  |TAMS 0x000000070ac00000| PB 0x000000070ac00000| Untracked |  0
|  68|0x000000070ae00000, 0x000000070ae00000, 0x000000070b000000|  0%| F|  |TAMS 0x000000070ae00000| PB 0x000000070ae00000| Untracked |  0
|  69|0x000000070b000000, 0x000000070b000000, 0x000000070b200000|  0%| F|  |TAMS 0x000000070b000000| PB 0x000000070b000000| Untracked |  0
|  70|0x000000070b200000, 0x000000070b200000, 0x000000070b400000|  0%| F|  |TAMS 0x000000070b200000| PB 0x000000070b200000| Untracked |  0
|  71|0x000000070b400000, 0x000000070b400000, 0x000000070b600000|  0%| F|  |TAMS 0x000000070b400000| PB 0x000000070b400000| Untracked |  0
|  72|0x000000070b600000, 0x000000070b600000, 0x000000070b800000|  0%| F|  |TAMS 0x000000070b600000| PB 0x000000070b600000| Untracked |  0
|  73|0x000000070b800000, 0x000000070b800000, 0x000000070ba00000|  0%| F|  |TAMS 0x000000070b800000| PB 0x000000070b800000| Untracked |  0
|  74|0x000000070ba00000, 0x000000070ba00000, 0x000000070bc00000|  0%| F|  |TAMS 0x000000070ba00000| PB 0x000000070ba00000| Untracked |  0
|  75|0x000000070bc00000, 0x000000070bc00000, 0x000000070be00000|  0%| F|  |TAMS 0x000000070bc00000| PB 0x000000070bc00000| Untracked |  0
|  76|0x000000070be00000, 0x000000070be00000, 0x000000070c000000|  0%| F|  |TAMS 0x000000070be00000| PB 0x000000070be00000| Untracked |  0
|  77|0x000000070c000000, 0x000000070c000000, 0x000000070c200000|  0%| F|  |TAMS 0x000000070c000000| PB 0x000000070c000000| Untracked |  0
|  78|0x000000070c200000, 0x000000070c200000, 0x000000070c400000|  0%| F|  |TAMS 0x000000070c200000| PB 0x000000070c200000| Untracked |  0
|  79|0x000000070c400000, 0x000000070c400000, 0x000000070c600000|  0%| F|  |TAMS 0x000000070c400000| PB 0x000000070c400000| Untracked |  0
|  80|0x000000070c600000, 0x000000070c600000, 0x000000070c800000|  0%| F|  |TAMS 0x000000070c600000| PB 0x000000070c600000| Untracked |  0
|  81|0x000000070c800000, 0x000000070c800000, 0x000000070ca00000|  0%| F|  |TAMS 0x000000070c800000| PB 0x000000070c800000| Untracked |  0
|  82|0x000000070ca00000, 0x000000070ca00000, 0x000000070cc00000|  0%| F|  |TAMS 0x000000070ca00000| PB 0x000000070ca00000| Untracked |  0
|  83|0x000000070cc00000, 0x000000070cc00000, 0x000000070ce00000|  0%| F|  |TAMS 0x000000070cc00000| PB 0x000000070cc00000| Untracked |  0
|  84|0x000000070ce00000, 0x000000070ce00000, 0x000000070d000000|  0%| F|  |TAMS 0x000000070ce00000| PB 0x000000070ce00000| Untracked |  0
|  85|0x000000070d000000, 0x000000070d000000, 0x000000070d200000|  0%| F|  |TAMS 0x000000070d000000| PB 0x000000070d000000| Untracked |  0
|  86|0x000000070d200000, 0x000000070d200000, 0x000000070d400000|  0%| F|  |TAMS 0x000000070d200000| PB 0x000000070d200000| Untracked |  0
|  87|0x000000070d400000, 0x000000070d400000, 0x000000070d600000|  0%| F|  |TAMS 0x000000070d400000| PB 0x000000070d400000| Untracked |  0
|  88|0x000000070d600000, 0x000000070d600000, 0x000000070d800000|  0%| F|  |TAMS 0x000000070d600000| PB 0x000000070d600000| Untracked |  0
|  89|0x000000070d800000, 0x000000070d800000, 0x000000070da00000|  0%| F|  |TAMS 0x000000070d800000| PB 0x000000070d800000| Untracked |  0
|  90|0x000000070da00000, 0x000000070da00000, 0x000000070dc00000|  0%| F|  |TAMS 0x000000070da00000| PB 0x000000070da00000| Untracked |  0
|  91|0x000000070dc00000, 0x000000070dc00000, 0x000000070de00000|  0%| F|  |TAMS 0x000000070dc00000| PB 0x000000070dc00000| Untracked |  0
|  92|0x000000070de00000, 0x000000070de00000, 0x000000070e000000|  0%| F|  |TAMS 0x000000070de00000| PB 0x000000070de00000| Untracked |  0
|  93|0x000000070e000000, 0x000000070e000000, 0x000000070e200000|  0%| F|  |TAMS 0x000000070e000000| PB 0x000000070e000000| Untracked |  0
|  94|0x000000070e200000, 0x000000070e200000, 0x000000070e400000|  0%| F|  |TAMS 0x000000070e200000| PB 0x000000070e200000| Untracked |  0
|  95|0x000000070e400000, 0x000000070e400000, 0x000000070e600000|  0%| F|  |TAMS 0x000000070e400000| PB 0x000000070e400000| Untracked |  0
|  96|0x000000070e600000, 0x000000070e600000, 0x000000070e800000|  0%| F|  |TAMS 0x000000070e600000| PB 0x000000070e600000| Untracked |  0
|  97|0x000000070e800000, 0x000000070e800000, 0x000000070ea00000|  0%| F|  |TAMS 0x000000070e800000| PB 0x000000070e800000| Untracked |  0
|  98|0x000000070ea00000, 0x000000070ea00000, 0x000000070ec00000|  0%| F|  |TAMS 0x000000070ea00000| PB 0x000000070ea00000| Untracked |  0
|  99|0x000000070ec00000, 0x000000070ed78e18, 0x000000070ee00000| 73%| S|  |TAMS 0x000000070ec00000| PB 0x000000070ec00000| Complete |  0
| 100|0x000000070ee00000, 0x000000070f000000, 0x000000070f000000|100%| S|  |TAMS 0x000000070ee00000| PB 0x000000070ee00000| Complete |  0
| 101|0x000000070f000000, 0x000000070f200000, 0x000000070f200000|100%| S|  |TAMS 0x000000070f000000| PB 0x000000070f000000| Complete |  0
| 102|0x000000070f200000, 0x000000070f3d7ba8, 0x000000070f400000| 92%| E|CS|TAMS 0x000000070f200000| PB 0x000000070f200000| Complete |  0
| 103|0x000000070f400000, 0x000000070f600000, 0x000000070f600000|100%| E|CS|TAMS 0x000000070f400000| PB 0x000000070f400000| Complete |  0
| 104|0x000000070f600000, 0x000000070f800000, 0x000000070f800000|100%| E|CS|TAMS 0x000000070f600000| PB 0x000000070f600000| Complete |  0
| 105|0x000000070f800000, 0x000000070fa00000, 0x000000070fa00000|100%| E|CS|TAMS 0x000000070f800000| PB 0x000000070f800000| Complete |  0
| 106|0x000000070fa00000, 0x000000070fc00000, 0x000000070fc00000|100%| E|CS|TAMS 0x000000070fa00000| PB 0x000000070fa00000| Complete |  0
| 107|0x000000070fc00000, 0x000000070fe00000, 0x000000070fe00000|100%| E|CS|TAMS 0x000000070fc00000| PB 0x000000070fc00000| Complete |  0
| 108|0x000000070fe00000, 0x0000000710000000, 0x0000000710000000|100%| E|CS|TAMS 0x000000070fe00000| PB 0x000000070fe00000| Complete |  0
| 109|0x0000000710000000, 0x0000000710200000, 0x0000000710200000|100%| E|CS|TAMS 0x0000000710000000| PB 0x0000000710000000| Complete |  0
| 110|0x0000000710200000, 0x0000000710400000, 0x0000000710400000|100%| E|CS|TAMS 0x0000000710200000| PB 0x0000000710200000| Complete |  0
| 111|0x0000000710400000, 0x0000000710600000, 0x0000000710600000|100%| E|CS|TAMS 0x0000000710400000| PB 0x0000000710400000| Complete |  0
| 112|0x0000000710600000, 0x0000000710800000, 0x0000000710800000|100%| E|CS|TAMS 0x0000000710600000| PB 0x0000000710600000| Complete |  0
| 113|0x0000000710800000, 0x0000000710a00000, 0x0000000710a00000|100%| E|CS|TAMS 0x0000000710800000| PB 0x0000000710800000| Complete |  0
| 114|0x0000000710a00000, 0x0000000710c00000, 0x0000000710c00000|100%| E|CS|TAMS 0x0000000710a00000| PB 0x0000000710a00000| Complete |  0
| 115|0x0000000710c00000, 0x0000000710e00000, 0x0000000710e00000|100%| E|CS|TAMS 0x0000000710c00000| PB 0x0000000710c00000| Complete |  0
| 116|0x0000000710e00000, 0x0000000710ed5f18, 0x0000000711000000| 41%| E|CS|TAMS 0x0000000710e00000| PB 0x0000000710e00000| Complete |  0
| 117|0x0000000711000000, 0x0000000711200000, 0x0000000711200000|100%| E|CS|TAMS 0x0000000711000000| PB 0x0000000711000000| Complete |  0
| 118|0x0000000711200000, 0x0000000711400000, 0x0000000711400000|100%| E|CS|TAMS 0x0000000711200000| PB 0x0000000711200000| Complete |  0
| 119|0x0000000711400000, 0x0000000711600000, 0x0000000711600000|100%| E|CS|TAMS 0x0000000711400000| PB 0x0000000711400000| Complete |  0
| 120|0x0000000711600000, 0x0000000711800000, 0x0000000711800000|100%| E|CS|TAMS 0x0000000711600000| PB 0x0000000711600000| Complete |  0
| 121|0x0000000711800000, 0x0000000711a00000, 0x0000000711a00000|100%| E|CS|TAMS 0x0000000711800000| PB 0x0000000711800000| Complete |  0
| 122|0x0000000711a00000, 0x0000000711c00000, 0x0000000711c00000|100%| E|CS|TAMS 0x0000000711a00000| PB 0x0000000711a00000| Complete |  0
| 123|0x0000000711c00000, 0x0000000711e00000, 0x0000000711e00000|100%| E|CS|TAMS 0x0000000711c00000| PB 0x0000000711c00000| Complete |  0
| 124|0x0000000711e00000, 0x0000000712000000, 0x0000000712000000|100%| E|CS|TAMS 0x0000000711e00000| PB 0x0000000711e00000| Complete |  0
| 125|0x0000000712000000, 0x0000000712200000, 0x0000000712200000|100%| E|CS|TAMS 0x0000000712000000| PB 0x0000000712000000| Complete |  0
| 126|0x0000000712200000, 0x0000000712400000, 0x0000000712400000|100%| E|CS|TAMS 0x0000000712200000| PB 0x0000000712200000| Complete |  0

Card table byte_map: [0x0000019e2c4b0000,0x0000019e2cca0000] _byte_map_base: 0x0000019e28c9d000

Marking Bits: (CMBitMap*) 0x0000019e141b86f0
 Bits: [0x0000019e2cca0000, 0x0000019e30c08000)

Polling page: 0x0000019e12110000

Metaspace:

Usage:
  Non-class:     15.97 MB used.
      Class:      2.43 MB used.
       Both:     18.40 MB used.

Virtual space:
  Non-class space:       64.00 MB reserved,      16.12 MB ( 25%) committed,  1 nodes.
      Class space:        1.00 GB reserved,       2.56 MB ( <1%) committed,  1 nodes.
             Both:        1.06 GB reserved,      18.69 MB (  2%) committed. 

Chunk freelists:
   Non-Class:  15.91 MB
       Class:  13.29 MB
        Both:  29.20 MB

MaxMetaspaceSize: unlimited
CompressedClassSpaceSize: 1.00 GB
Initial GC threshold: 21.00 MB
Current GC threshold: 21.00 MB
CDS: on
 - commit_granule_bytes: 65536.
 - commit_granule_words: 8192.
 - virtual_space_node_default_size: 8388608.
 - enlarge_chunks_in_place: 1.
 - use_allocation_guard: 0.


Internal statistics:

num_allocs_failed_limit: 0.
num_arena_births: 300.
num_arena_deaths: 0.
num_vsnodes_births: 2.
num_vsnodes_deaths: 0.
num_space_committed: 299.
num_space_uncommitted: 0.
num_chunks_returned_to_freelist: 0.
num_chunks_taken_from_freelist: 859.
num_chunk_merges: 0.
num_chunk_splits: 584.
num_chunks_enlarged: 422.
num_inconsistent_stats: 0.

CodeHeap 'non-profiled nmethods': size=120064Kb used=943Kb max_used=943Kb free=119120Kb
 bounds [0x0000019e24340000, 0x0000019e245b0000, 0x0000019e2b880000]
CodeHeap 'profiled nmethods': size=120000Kb used=3591Kb max_used=3591Kb free=116408Kb
 bounds [0x0000019e1c880000, 0x0000019e1cc10000, 0x0000019e23db0000]
CodeHeap 'non-nmethods': size=5696Kb used=1447Kb max_used=1483Kb free=4248Kb
 bounds [0x0000019e23db0000, 0x0000019e24020000, 0x0000019e24340000]
CodeCache: size=245760Kb, used=5981Kb, max_used=6017Kb, free=239776Kb
 total_blobs=3120, nmethods=2579, adapters=446, full_count=0
Compilation: enabled, stopped_count=0, restarted_count=0

Compilation events (20 events):
Event: 2.001 Thread 0x0000019e3370ceb0 nmethod 2578 0x0000019e1cbfc108 code [0x0000019e1cbfc4e0, 0x0000019e1cbfeb90]
Event: 2.003 Thread 0x0000019e3370ceb0 2581 %     3       java.util.Properties::load0 @ 29 (249 bytes)
Event: 2.004 Thread 0x0000019e3370ceb0 nmethod 2581% 0x0000019e1cbfec08 code [0x0000019e1cbfede0, 0x0000019e1cbff8d8]
Event: 2.004 Thread 0x0000019e3370ceb0 2582       3       java.util.Properties::load0 (249 bytes)
Event: 2.004 Thread 0x0000019e3370ceb0 nmethod 2582 0x0000019e1cbff908 code [0x0000019e1cbffac0, 0x0000019e1cc00410]
Event: 2.006 Thread 0x0000019e3370ceb0 2583       1       java.util.concurrent.ConcurrentHashMap$MapEntry::getKey (5 bytes)
Event: 2.006 Thread 0x0000019e3370ceb0 nmethod 2583 0x0000019e2442b888 code [0x0000019e2442b9a0, 0x0000019e2442ba70]
Event: 2.006 Thread 0x0000019e3370ceb0 2584       1       java.util.concurrent.ConcurrentHashMap$MapEntry::getValue (5 bytes)
Event: 2.006 Thread 0x0000019e3370ceb0 nmethod 2584 0x0000019e2442bb88 code [0x0000019e2442bca0, 0x0000019e2442bd70]
Event: 2.006 Thread 0x0000019e3370ceb0 2585       3       java.util.concurrent.ConcurrentHashMap$EntryIterator::next (5 bytes)
Event: 2.007 Thread 0x0000019e3370ceb0 nmethod 2585 0x0000019e1cc00488 code [0x0000019e1cc005a0, 0x0000019e1cc006d8]
Event: 2.007 Thread 0x0000019e3370ceb0 2586       3       java.util.concurrent.ConcurrentHashMap$EntryIterator::next (51 bytes)
Event: 2.007 Thread 0x0000019e3370ceb0 nmethod 2586 0x0000019e1cc00788 code [0x0000019e1cc008e0, 0x0000019e1cc00e20]
Event: 2.007 Thread 0x0000019e3370ceb0 2587       3       java.util.concurrent.ConcurrentHashMap$MapEntry::<init> (20 bytes)
Event: 2.007 Thread 0x0000019e3370ceb0 nmethod 2587 0x0000019e1cc00e88 code [0x0000019e1cc00fa0, 0x0000019e1cc01238]
Event: 2.018 Thread 0x0000019e3370ceb0 2588       3       java.lang.invoke.DelegatingMethodHandle$Holder::reinvoke_L (20 bytes)
Event: 2.018 Thread 0x0000019e3370ceb0 nmethod 2588 0x0000019e1cc01288 code [0x0000019e1cc013c0, 0x0000019e1cc017e8]
Event: 2.021 Thread 0x0000019e3370ceb0 2592       3       java.lang.invoke.LambdaForm$MH/0x0000019e35001400::invoke (25 bytes)
Event: 2.022 Thread 0x0000019e3370ceb0 nmethod 2592 0x0000019e1cc01808 code [0x0000019e1cc01940, 0x0000019e1cc01e50]
Event: 2.022 Thread 0x0000019e3370ceb0 2593       3       java.util.regex.Pattern::range (294 bytes)

GC Heap History (5 events):
Event: 0.564 GC heap before
{Heap before GC invocations=0 (full 0):
 garbage-first heap   total reserved 4155392K, committed 260096K, used 22528K [0x0000000702600000, 0x0000000800000000)
  region size 2048K, 12 young (24576K), 0 survivors (0K)
 Metaspace       used 2767K, committed 3008K, reserved 1114112K
  class space    used 296K, committed 384K, reserved 1048576K
}
Event: 0.569 GC heap after
{Heap after GC invocations=1 (full 0):
 garbage-first heap   total reserved 4155392K, committed 260096K, used 9748K [0x0000000702600000, 0x0000000800000000)
  region size 2048K, 2 young (4096K), 2 survivors (4096K)
 Metaspace       used 2767K, committed 3008K, reserved 1114112K
  class space    used 296K, committed 384K, reserved 1048576K
}
Event: 1.084 GC heap before
{Heap before GC invocations=1 (full 0):
 garbage-first heap   total reserved 4155392K, committed 260096K, used 28180K [0x0000000702600000, 0x0000000800000000)
  region size 2048K, 11 young (22528K), 2 survivors (4096K)
 Metaspace       used 7354K, committed 7552K, reserved 1114112K
  class space    used 877K, committed 960K, reserved 1048576K
}
Event: 1.088 GC heap after
{Heap after GC invocations=2 (full 0):
 garbage-first heap   total reserved 4155392K, committed 260096K, used 12061K [0x0000000702600000, 0x0000000800000000)
  region size 2048K, 2 young (4096K), 2 survivors (4096K)
 Metaspace       used 7354K, committed 7552K, reserved 1114112K
  class space    used 877K, committed 960K, reserved 1048576K
}
Event: 2.023 GC heap before
{Heap before GC invocations=2 (full 0):
 garbage-first heap   total reserved 4155392K, committed 260096K, used 57117K [0x0000000702600000, 0x0000000800000000)
  region size 2048K, 25 young (51200K), 2 survivors (4096K)
 Metaspace       used 18837K, committed 19136K, reserved 1114112K
  class space    used 2488K, committed 2624K, reserved 1048576K
}

Dll operation events (11 events):
Event: 0.010 Loaded shared library C:\Users\HP\.jdks\openjdk-23.0.2\bin\java.dll
Event: 0.046 Loaded shared library C:\Users\HP\.jdks\openjdk-23.0.2\bin\jsvml.dll
Event: 0.161 Loaded shared library C:\Users\HP\.jdks\openjdk-23.0.2\bin\zip.dll
Event: 0.164 Loaded shared library C:\Users\HP\.jdks\openjdk-23.0.2\bin\instrument.dll
Event: 0.170 Loaded shared library C:\Users\HP\.jdks\openjdk-23.0.2\bin\net.dll
Event: 0.172 Loaded shared library C:\Users\HP\.jdks\openjdk-23.0.2\bin\nio.dll
Event: 0.177 Loaded shared library C:\Users\HP\.jdks\openjdk-23.0.2\bin\zip.dll
Event: 0.290 Loaded shared library C:\Program Files\JetBrains\IntelliJ IDEA Community Edition 2024.2.3\bin\breakgen64.dll
Event: 0.301 Loaded shared library C:\Users\HP\.jdks\openjdk-23.0.2\bin\extnet.dll
Event: 0.319 Loaded shared library C:\Users\HP\.jdks\openjdk-23.0.2\bin\verify.dll
Event: 0.325 Loaded shared library C:\Users\HP\.jdks\openjdk-23.0.2\bin\jimage.dll

Deoptimization events (20 events):
Event: 1.923 Thread 0x0000019e1414dec0 Uncommon trap: trap_request=0xffffff45 fr.pc=0x0000019e2436e1f0 relative=0x00000000000008f0
Event: 1.923 Thread 0x0000019e1414dec0 Uncommon trap: reason=unstable_if action=reinterpret pc=0x0000019e2436e1f0 method=java.util.zip.ZipCoder.hash(Ljava/lang/String;)I @ 23 c2
Event: 1.924 Thread 0x0000019e1414dec0 DEOPT PACKING pc=0x0000019e2436e1f0 sp=0x00000009f72fe180
Event: 1.924 Thread 0x0000019e1414dec0 DEOPT UNPACKING pc=0x0000019e23e04402 sp=0x00000009f72fe030 mode 2
Event: 1.924 Thread 0x0000019e1414dec0 Uncommon trap: trap_request=0xffffff45 fr.pc=0x0000019e2436cdd4 relative=0x0000000000000694
Event: 1.924 Thread 0x0000019e1414dec0 Uncommon trap: reason=unstable_if action=reinterpret pc=0x0000019e2436cdd4 method=java.util.zip.ZipCoder.hash(Ljava/lang/String;)I @ 23 c2
Event: 1.924 Thread 0x0000019e1414dec0 DEOPT PACKING pc=0x0000019e2436cdd4 sp=0x00000009f72fe110
Event: 1.924 Thread 0x0000019e1414dec0 DEOPT UNPACKING pc=0x0000019e23e04402 sp=0x00000009f72fe030 mode 2
Event: 1.924 Thread 0x0000019e1414dec0 Uncommon trap: trap_request=0xffffff45 fr.pc=0x0000019e2436bacc relative=0x000000000000036c
Event: 1.924 Thread 0x0000019e1414dec0 Uncommon trap: reason=unstable_if action=reinterpret pc=0x0000019e2436bacc method=java.util.zip.ZipCoder.hash(Ljava/lang/String;)I @ 23 c2
Event: 1.924 Thread 0x0000019e1414dec0 DEOPT PACKING pc=0x0000019e2436bacc sp=0x00000009f72fe0a0
Event: 1.924 Thread 0x0000019e1414dec0 DEOPT UNPACKING pc=0x0000019e23e04402 sp=0x00000009f72fe028 mode 2
Event: 1.927 Thread 0x0000019e1414dec0 Uncommon trap: trap_request=0xffffff45 fr.pc=0x0000019e2435bdd0 relative=0x0000000000000050
Event: 1.927 Thread 0x0000019e1414dec0 Uncommon trap: reason=unstable_if action=reinterpret pc=0x0000019e2435bdd0 method=sun.nio.fs.WindowsPathParser.isSlash(C)Z @ 9 c2
Event: 1.927 Thread 0x0000019e1414dec0 DEOPT PACKING pc=0x0000019e2435bdd0 sp=0x00000009f72fe220
Event: 1.927 Thread 0x0000019e1414dec0 DEOPT UNPACKING pc=0x0000019e23e04402 sp=0x00000009f72fe1a8 mode 2
Event: 2.006 Thread 0x0000019e1414dec0 DEOPT PACKING pc=0x0000019e1cbfe925 sp=0x00000009f72fe5c0
Event: 2.006 Thread 0x0000019e1414dec0 DEOPT UNPACKING pc=0x0000019e23e04b22 sp=0x00000009f72fdae8 mode 0
Event: 2.006 Thread 0x0000019e1414dec0 DEOPT PACKING pc=0x0000019e1cbfe946 sp=0x00000009f72fe5c0
Event: 2.006 Thread 0x0000019e1414dec0 DEOPT UNPACKING pc=0x0000019e23e04b22 sp=0x00000009f72fdae8 mode 0

Classes loaded (20 events):
Event: 1.942 Loading class sun/nio/ch/IOStatus
Event: 1.942 Loading class sun/nio/ch/IOStatus done
Event: 2.001 Loading class java/beans/Transient
Event: 2.001 Loading class java/beans/Transient done
Event: 2.001 Loading class java/beans/ConstructorProperties
Event: 2.001 Loading class java/beans/ConstructorProperties done
Event: 2.004 Loading class java/io/InvalidObjectException
Event: 2.004 Loading class java/io/InvalidObjectException done
Event: 2.006 Loading class java/util/concurrent/ConcurrentLinkedQueue
Event: 2.006 Loading class java/util/concurrent/ConcurrentLinkedQueue done
Event: 2.006 Loading class java/util/concurrent/ConcurrentLinkedQueue$Node
Event: 2.006 Loading class java/util/concurrent/ConcurrentLinkedQueue$Node done
Event: 2.008 Loading class java/util/concurrent/atomic/AtomicLongArray
Event: 2.008 Loading class java/util/concurrent/atomic/AtomicLongArray done
Event: 2.008 Loading class java/lang/invoke/VarHandleLongs$Array
Event: 2.008 Loading class java/lang/invoke/VarHandleLongs$Array done
Event: 2.008 Loading class java/util/concurrent/atomic/AtomicReferenceArray
Event: 2.008 Loading class java/util/concurrent/atomic/AtomicReferenceArray done
Event: 2.009 Loading class java/lang/invoke/VarHandleReferences$Array
Event: 2.009 Loading class java/lang/invoke/VarHandleReferences$Array done

Classes unloaded (0 events):
No events

Classes redefined (0 events):
No events

Internal exceptions (20 events):
Event: 1.225 Thread 0x0000019e1414dec0 Exception <a 'java/lang/NoSuchMethodError'{0x0000000711f138d0}: 'java.lang.Object java.lang.invoke.DirectMethodHandle$Holder.invokeSpecial(java.lang.Object, java.lang.Object, java.lang.Object, java.lang.Object, java.lang.Object, java.lang.Object, java.lang.Object, int)'> (0x0000000711f138d0) 
thrown [s\open\src\hotspot\share\interpreter\linkResolver.cpp, line 796]
Event: 1.267 Thread 0x0000019e1414dec0 Exception <a 'java/lang/NoSuchMethodError'{0x0000000711c88f30}: 'int java.lang.invoke.DirectMethodHandle$Holder.invokeInterface(java.lang.Object, java.lang.Object)'> (0x0000000711c88f30) 
thrown [s\open\src\hotspot\share\interpreter\linkResolver.cpp, line 796]
Event: 1.271 Thread 0x0000019e1414dec0 Exception <a 'java/lang/NoSuchMethodError'{0x0000000711cabce0}: 'void java.lang.invoke.DirectMethodHandle$Holder.invokeSpecial(java.lang.Object, java.lang.Object, java.lang.Object, java.lang.Object, java.lang.Object)'> (0x0000000711cabce0) 
thrown [s\open\src\hotspot\share\interpreter\linkResolver.cpp, line 796]
Event: 1.335 Thread 0x0000019e1414dec0 Implicit null exception at 0x0000019e2434b9a0 to 0x0000019e2434ba22
Event: 1.340 Thread 0x0000019e1414dec0 Exception <a 'java/lang/NoSuchMethodError'{0x0000000711b32038}: 'void java.lang.invoke.DirectMethodHandle$Holder.invokeSpecial(java.lang.Object, java.lang.Object, java.lang.Object, java.lang.Object, java.lang.Object, java.lang.Object)'> (0x0000000711b32038) 
thrown [s\open\src\hotspot\share\interpreter\linkResolver.cpp, line 796]
Event: 1.362 Thread 0x0000019e1414dec0 Exception <a 'java/lang/NoSuchMethodError'{0x0000000711bf4fe8}: 'java.lang.Object java.lang.invoke.DirectMethodHandle$Holder.invokeSpecial(java.lang.Object, java.lang.Object, java.lang.Object, int, java.lang.Object)'> (0x0000000711bf4fe8) 
thrown [s\open\src\hotspot\share\interpreter\linkResolver.cpp, line 796]
Event: 1.363 Thread 0x0000019e1414dec0 Exception <a 'java/lang/NoSuchMethodError'{0x0000000711bfcaf0}: 'java.lang.Object java.lang.invoke.DirectMethodHandle$Holder.newInvokeSpecial(java.lang.Object, java.lang.Object, java.lang.Object, int, java.lang.Object)'> (0x0000000711bfcaf0) 
thrown [s\open\src\hotspot\share\interpreter\linkResolver.cpp, line 796]
Event: 1.363 Thread 0x0000019e1414dec0 Exception <a 'java/lang/NoSuchMethodError'{0x0000000711804540}: 'java.lang.Object java.lang.invoke.Invokers$Holder.linkToTargetMethod(java.lang.Object, java.lang.Object, int, java.lang.Object, java.lang.Object)'> (0x0000000711804540) 
thrown [s\open\src\hotspot\share\interpreter\linkResolver.cpp, line 796]
Event: 1.364 Thread 0x0000019e1414dec0 Exception <a 'java/lang/NoSuchMethodError'{0x000000071180c090}: 'int java.lang.invoke.DirectMethodHandle$Holder.invokeStatic(java.lang.Object, int, java.lang.Object, java.lang.Object)'> (0x000000071180c090) 
thrown [s\open\src\hotspot\share\interpreter\linkResolver.cpp, line 796]
Event: 1.364 Thread 0x0000019e1414dec0 Exception <a 'java/lang/NoSuchMethodError'{0x0000000711813258}: 'java.lang.Object java.lang.invoke.DirectMethodHandle$Holder.newInvokeSpecial(java.lang.Object, int, java.lang.Object)'> (0x0000000711813258) 
thrown [s\open\src\hotspot\share\interpreter\linkResolver.cpp, line 796]
Event: 1.365 Thread 0x0000019e1414dec0 Exception <a 'java/lang/NoSuchMethodError'{0x0000000711817de0}: 'int java.lang.invoke.DirectMethodHandle$Holder.invokeSpecialIFC(java.lang.Object, java.lang.Object, java.lang.Object, java.lang.Object)'> (0x0000000711817de0) 
thrown [s\open\src\hotspot\share\interpreter\linkResolver.cpp, line 796]
Event: 1.385 Thread 0x0000019e1414dec0 Exception <a 'java/lang/NoSuchMethodError'{0x00000007118e0348}: 'void java.lang.invoke.DirectMethodHandle$Holder.invokeInterface(java.lang.Object, java.lang.Object, java.lang.Object)'> (0x00000007118e0348) 
thrown [s\open\src\hotspot\share\interpreter\linkResolver.cpp, line 796]
Event: 1.412 Thread 0x0000019e1414dec0 Exception <a 'java/lang/NoSuchMethodError'{0x000000071196dbf8}: 'java.lang.reflect.Field[] java.lang.Class.getDeclaredFields(java.lang.Class)'> (0x000000071196dbf8) 
thrown [s\open\src\hotspot\share\interpreter\linkResolver.cpp, line 796]
Event: 1.413 Thread 0x0000019e1414dec0 Exception <a 'java/lang/NoSuchMethodError'{0x0000000711972608}: 'java.lang.Object java.lang.invoke.DirectMethodHandle$Holder.invokeStatic(java.lang.Object, java.lang.Object, int)'> (0x0000000711972608) 
thrown [s\open\src\hotspot\share\interpreter\linkResolver.cpp, line 796]
Event: 1.414 Thread 0x0000019e1414dec0 Exception <a 'java/lang/NoSuchMethodError'{0x000000071197da70}: 'void java.lang.invoke.DelegatingMethodHandle$Holder.delegate(java.lang.Object, java.lang.Object, int, java.lang.Object)'> (0x000000071197da70) 
thrown [s\open\src\hotspot\share\interpreter\linkResolver.cpp, line 796]
Event: 1.516 Thread 0x0000019e1414dec0 Exception <a 'java/lang/NoSuchMethodError'{0x00000007117a2430}: 'void java.lang.invoke.DirectMethodHandle$Holder.invokeVirtual(java.lang.Object, java.lang.Object, java.lang.Object, java.lang.Object)'> (0x00000007117a2430) 
thrown [s\open\src\hotspot\share\interpreter\linkResolver.cpp, line 796]
Event: 1.615 Thread 0x0000019e1414dec0 Exception <a 'java/lang/IncompatibleClassChangeError'{0x00000007112c1090}: Found class java.lang.Object, but interface was expected> (0x00000007112c1090) 
thrown [s\open\src\hotspot\share\interpreter\linkResolver.cpp, line 863]
Event: 1.624 Thread 0x0000019e1414dec0 Exception <a 'java/lang/NoSuchMethodError'{0x00000007112e10a0}: 'int java.lang.invoke.DirectMethodHandle$Holder.invokeVirtual(java.lang.Object, java.lang.Object)'> (0x00000007112e10a0) 
thrown [s\open\src\hotspot\share\interpreter\linkResolver.cpp, line 796]
Event: 1.850 Thread 0x0000019e1414dec0 Implicit null exception at 0x0000019e24420b49 to 0x0000019e24420c07
Event: 1.927 Thread 0x0000019e1414dec0 Exception <a 'java/lang/NoSuchMethodError'{0x000000070fa7a0c8}: 'int java.lang.invoke.DirectMethodHandle$Holder.invokeSpecial(java.lang.Object, java.lang.Object, java.lang.Object, java.lang.Object, java.lang.Object)'> (0x000000070fa7a0c8) 
thrown [s\open\src\hotspot\share\interpreter\linkResolver.cpp, line 796]

VM Operations (20 events):
Event: 0.894 Executing VM operation: HandshakeAllThreads (Deoptimize) done
Event: 0.894 Executing VM operation: HandshakeAllThreads (Deoptimize)
Event: 0.894 Executing VM operation: HandshakeAllThreads (Deoptimize) done
Event: 1.030 Executing VM operation: HandshakeAllThreads (Deoptimize)
Event: 1.030 Executing VM operation: HandshakeAllThreads (Deoptimize) done
Event: 1.042 Executing VM operation: HandshakeAllThreads (Deoptimize)
Event: 1.042 Executing VM operation: HandshakeAllThreads (Deoptimize) done
Event: 1.084 Executing VM operation: G1CollectForAllocation (G1 Evacuation Pause)
Event: 1.088 Executing VM operation: G1CollectForAllocation (G1 Evacuation Pause) done
Event: 1.413 Executing VM operation: HandshakeAllThreads (Deoptimize)
Event: 1.413 Executing VM operation: HandshakeAllThreads (Deoptimize) done
Event: 1.601 Executing VM operation: HandshakeAllThreads (Deoptimize)
Event: 1.601 Executing VM operation: HandshakeAllThreads (Deoptimize) done
Event: 1.602 Executing VM operation: HandshakeAllThreads (Deoptimize)
Event: 1.602 Executing VM operation: HandshakeAllThreads (Deoptimize) done
Event: 1.851 Executing VM operation: HandshakeAllThreads (Deoptimize)
Event: 1.851 Executing VM operation: HandshakeAllThreads (Deoptimize) done
Event: 1.897 Executing VM operation: HandshakeAllThreads (Deoptimize)
Event: 1.897 Executing VM operation: HandshakeAllThreads (Deoptimize) done
Event: 2.023 Executing VM operation: G1CollectForAllocation (G1 Evacuation Pause)

Memory protections (0 events):
No events

Nmethod flushes (0 events):
No events

Events (18 events):
Event: 0.029 Thread 0x0000019e1414dec0 Thread added: 0x0000019e1414dec0
Event: 0.043 Thread 0x0000019e1414dec0 Thread added: 0x0000019e336d31b0
Event: 0.043 Thread 0x0000019e1414dec0 Thread added: 0x0000019e336d40d0
Event: 0.043 Thread 0x0000019e1414dec0 Thread added: 0x0000019e336d8200
Event: 0.043 Thread 0x0000019e1414dec0 Thread added: 0x0000019e336dac70
Event: 0.043 Thread 0x0000019e1414dec0 Thread added: 0x0000019e336db6d0
Event: 0.044 Thread 0x0000019e1414dec0 Thread added: 0x0000019e336dc130
Event: 0.044 Thread 0x0000019e1414dec0 Thread added: 0x0000019e336ec3f0
Event: 0.044 Thread 0x0000019e1414dec0 Thread added: 0x0000019e3370ceb0
Event: 0.138 Thread 0x0000019e1414dec0 Thread added: 0x0000019e337f1200
Event: 0.154 Thread 0x0000019e336ec3f0 Thread added: 0x0000019e338305a0
Event: 0.291 Thread 0x0000019e1414dec0 Thread added: 0x0000019e792fe2b0
Event: 0.291 Thread 0x0000019e1414dec0 Thread added: 0x0000019e7918d070
Event: 0.590 Thread 0x0000019e3370ceb0 Thread added: 0x0000019e7953dff0
Event: 1.447 Thread 0x0000019e1414dec0 Thread added: 0x0000019e7a0c79d0
Event: 1.459 Thread 0x0000019e7a0c79d0 Thread exited: 0x0000019e7a0c79d0
Event: 1.608 Thread 0x0000019e1414dec0 Thread added: 0x0000019e79f22ed0
Event: 2.013 Thread 0x0000019e1414dec0 Thread added: 0x0000019e7b3a5510


Dynamic libraries:
0x00007ff766330000 - 0x00007ff76633e000 	C:\Users\HP\.jdks\openjdk-23.0.2\bin\java.exe
0x00007ffef4670000 - 0x00007ffef4868000 	C:\WINDOWS\SYSTEM32\ntdll.dll
0x00007ffef35c0000 - 0x00007ffef3682000 	C:\WINDOWS\System32\KERNEL32.DLL
0x00007ffef2290000 - 0x00007ffef258f000 	C:\WINDOWS\System32\KERNELBASE.dll
0x00007ffef1f60000 - 0x00007ffef2060000 	C:\WINDOWS\System32\ucrtbase.dll
0x00007ffeea240000 - 0x00007ffeea257000 	C:\Users\HP\.jdks\openjdk-23.0.2\bin\jli.dll
0x00007ffe9be90000 - 0x00007ffe9beab000 	C:\Users\HP\.jdks\openjdk-23.0.2\bin\VCRUNTIME140.dll
0x00007ffef4480000 - 0x00007ffef461d000 	C:\WINDOWS\System32\USER32.dll
0x00007ffed95e0000 - 0x00007ffed987a000 	C:\WINDOWS\WinSxS\amd64_microsoft.windows.common-controls_6595b64144ccf1df_6.0.19041.4355_none_60b8b9eb71f62e16\COMCTL32.dll
0x00007ffef2060000 - 0x00007ffef2082000 	C:\WINDOWS\System32\win32u.dll
0x00007ffef2690000 - 0x00007ffef272e000 	C:\WINDOWS\System32\msvcrt.dll
0x00007ffef4430000 - 0x00007ffef445b000 	C:\WINDOWS\System32\GDI32.dll
0x00007ffef1e10000 - 0x00007ffef1f2a000 	C:\WINDOWS\System32\gdi32full.dll
0x00007ffef21f0000 - 0x00007ffef228d000 	C:\WINDOWS\System32\msvcp_win.dll
0x00007ffef4400000 - 0x00007ffef442f000 	C:\WINDOWS\System32\IMM32.DLL
0x00007ffec3100000 - 0x00007ffec310c000 	C:\Users\HP\.jdks\openjdk-23.0.2\bin\vcruntime140_1.dll
0x00007ffe9be00000 - 0x00007ffe9be8e000 	C:\Users\HP\.jdks\openjdk-23.0.2\bin\msvcp140.dll
0x00007ffe67f60000 - 0x00007ffe68cb0000 	C:\Users\HP\.jdks\openjdk-23.0.2\bin\server\jvm.dll
0x00007ffef2940000 - 0x00007ffef29ef000 	C:\WINDOWS\System32\ADVAPI32.dll
0x00007ffef4120000 - 0x00007ffef41bf000 	C:\WINDOWS\System32\sechost.dll
0x00007ffef2ad0000 - 0x00007ffef2bf3000 	C:\WINDOWS\System32\RPCRT4.dll
0x00007ffef1f30000 - 0x00007ffef1f57000 	C:\WINDOWS\System32\bcrypt.dll
0x00007ffef4090000 - 0x00007ffef40fb000 	C:\WINDOWS\System32\WS2_32.dll
0x00007ffef1250000 - 0x00007ffef129b000 	C:\WINDOWS\SYSTEM32\POWRPROF.dll
0x00007ffee1aa0000 - 0x00007ffee1ac7000 	C:\WINDOWS\SYSTEM32\WINMM.dll
0x00007ffee8710000 - 0x00007ffee871a000 	C:\WINDOWS\SYSTEM32\VERSION.dll
0x00007ffef1110000 - 0x00007ffef1122000 	C:\WINDOWS\SYSTEM32\UMPDC.dll
0x00007ffeefc00000 - 0x00007ffeefc12000 	C:\WINDOWS\SYSTEM32\kernel.appcore.dll
0x00007ffe9bdf0000 - 0x00007ffe9bdfa000 	C:\Users\HP\.jdks\openjdk-23.0.2\bin\jimage.dll
0x00007ffeef490000 - 0x00007ffeef674000 	C:\WINDOWS\SYSTEM32\DBGHELP.DLL
0x00007ffed4400000 - 0x00007ffed4434000 	C:\WINDOWS\SYSTEM32\dbgcore.DLL
0x00007ffef1d10000 - 0x00007ffef1d92000 	C:\WINDOWS\System32\bcryptPrimitives.dll
0x00007ffe9bce0000 - 0x00007ffe9bcef000 	C:\Users\HP\.jdks\openjdk-23.0.2\bin\instrument.dll
0x00007ffe9bdd0000 - 0x00007ffe9bdee000 	C:\Users\HP\.jdks\openjdk-23.0.2\bin\java.dll
0x00007ffef3490000 - 0x00007ffef35bb000 	C:\WINDOWS\System32\ole32.dll
0x00007ffef3d30000 - 0x00007ffef4085000 	C:\WINDOWS\System32\combase.dll
0x00007ffef2d20000 - 0x00007ffef348d000 	C:\WINDOWS\System32\SHELL32.dll
0x00007ffeefd90000 - 0x00007ffef0533000 	C:\WINDOWS\SYSTEM32\windows.storage.dll
0x00007ffef1740000 - 0x00007ffef176b000 	C:\WINDOWS\SYSTEM32\Wldp.dll
0x00007ffef41c0000 - 0x00007ffef428d000 	C:\WINDOWS\System32\OLEAUT32.dll
0x00007ffef3720000 - 0x00007ffef37cd000 	C:\WINDOWS\System32\SHCORE.dll
0x00007ffef4290000 - 0x00007ffef42e5000 	C:\WINDOWS\System32\shlwapi.dll
0x00007ffef1c40000 - 0x00007ffef1c65000 	C:\WINDOWS\SYSTEM32\profapi.dll
0x00007ffe9bcf0000 - 0x00007ffe9bdc7000 	C:\Users\HP\.jdks\openjdk-23.0.2\bin\jsvml.dll
0x00007ffe9bc90000 - 0x00007ffe9bca7000 	C:\Users\HP\.jdks\openjdk-23.0.2\bin\zip.dll
0x00007ffe9bcd0000 - 0x00007ffe9bce0000 	C:\Users\HP\.jdks\openjdk-23.0.2\bin\net.dll
0x00007ffef14a0000 - 0x00007ffef150c000 	C:\WINDOWS\system32\mswsock.dll
0x00007ffe9bcb0000 - 0x00007ffe9bcc6000 	C:\Users\HP\.jdks\openjdk-23.0.2\bin\nio.dll
0x00007ffeeeff0000 - 0x00007ffeef00a000 	C:\Program Files\JetBrains\IntelliJ IDEA Community Edition 2024.2.3\bin\breakgen64.dll
0x00007ffec5930000 - 0x00007ffec5939000 	C:\Users\HP\.jdks\openjdk-23.0.2\bin\extnet.dll
0x00007ffeeefe0000 - 0x00007ffeeeff0000 	C:\Users\HP\.jdks\openjdk-23.0.2\bin\verify.dll
0x00007ffef1130000 - 0x00007ffef116b000 	C:\WINDOWS\SYSTEM32\IPHLPAPI.DLL
0x00007ffef4100000 - 0x00007ffef4108000 	C:\WINDOWS\System32\NSI.dll
0x00007ffef1180000 - 0x00007ffef124a000 	C:\WINDOWS\SYSTEM32\DNSAPI.dll
0x00007ffed7be0000 - 0x00007ffed7bea000 	C:\Windows\System32\rasadhlp.dll
0x00007ffed8480000 - 0x00007ffed8500000 	C:\WINDOWS\System32\fwpuclnt.dll

dbghelp: loaded successfully - version: 4.0.5 - missing functions: none
symbol engine: initialized successfully - sym options: 0x614 - pdb path: .;C:\Users\HP\.jdks\openjdk-23.0.2\bin;C:\WINDOWS\SYSTEM32;C:\WINDOWS\WinSxS\amd64_microsoft.windows.common-controls_6595b64144ccf1df_6.0.19041.4355_none_60b8b9eb71f62e16;C:\Users\HP\.jdks\openjdk-23.0.2\bin\server;C:\Program Files\JetBrains\IntelliJ IDEA Community Edition 2024.2.3\bin

VM Arguments:
jvm_args: -javaagent:C:\Program Files\JetBrains\IntelliJ IDEA Community Edition 2024.2.3\lib\idea_rt.jar=61373:C:\Program Files\JetBrains\IntelliJ IDEA Community Edition 2024.2.3\bin -Dfile.encoding=UTF-8 -Dsun.stdout.encoding=UTF-8 -Dsun.stderr.encoding=UTF-8 
java_command: com.Server.ConfigServier.ConfigServierApplication
java_class_path (initial): C:\Users\HP\Documents\Capgemini\SpringCloudSubmission\Spring-Cloud-main\SpringCloud_Hotel_application\ConfigServer\target\classes;C:\Users\HP\.m2\repository\org\springframework\cloud\spring-cloud-config-server\4.2.1\spring-cloud-config-server-4.2.1.jar;C:\Users\HP\.m2\repository\org\springframework\cloud\spring-cloud-config-client\4.2.1\spring-cloud-config-client-4.2.1.jar;C:\Users\HP\.m2\repository\org\springframework\boot\spring-boot-autoconfigure\3.4.4\spring-boot-autoconfigure-3.4.4.jar;C:\Users\HP\.m2\repository\org\springframework\spring-web\6.2.5\spring-web-6.2.5.jar;C:\Users\HP\.m2\repository\org\springframework\spring-beans\6.2.5\spring-beans-6.2.5.jar;C:\Users\HP\.m2\repository\com\fasterxml\jackson\core\jackson-annotations\2.18.3\jackson-annotations-2.18.3.jar;C:\Users\HP\.m2\repository\com\fasterxml\jackson\core\jackson-databind\2.18.3\jackson-databind-2.18.3.jar;C:\Users\HP\.m2\repository\io\micrometer\micrometer-observation\1.14.5\micrometer-observation-1.14.5.jar;C:\Users\HP\.m2\repository\io\micrometer\micrometer-commons\1.14.5\micrometer-commons-1.14.5.jar;C:\Users\HP\.m2\repository\org\springframework\boot\spring-boot-starter-web\3.4.4\spring-boot-starter-web-3.4.4.jar;C:\Users\HP\.m2\repository\org\springframework\boot\spring-boot-starter-json\3.4.4\spring-boot-starter-json-3.4.4.jar;C:\Users\HP\.m2\repository\com\fasterxml\jackson\datatype\jackson-datatype-jdk8\2.18.3\jackson-datatype-jdk8-2.18.3.jar;C:\Users\HP\.m2\repository\com\fasterxml\jackson\datatype\jackson-datatype-jsr310\2.18.3\jackson-datatype-jsr310-2.18.3.jar;C:\Users\HP\.m2\repository\com\fasterxml\jackson\module\jackson-module-parameter-names\2.18.3\jackson-module-parameter-names-2.18.3.jar;C:\Users\HP\.m2\repository\org\springframework\boot\spring-boot-starter-tomcat\3.4.4\spring-boot-starter-tomcat-3.4.4.jar;C:\Users\HP\.m2\repository\org\apache\tomcat\embed\tomcat-embed-core\10.1.39\tomcat-embed-core-10.1.39.jar;C:\Users\HP\.m2\repository\org\apache\tomcat\embed\tomcat-embed-websocket\10.1.39\tomcat-embed-websocket-10.1.39.jar;C:\Users\HP\.m2\repository\org\springframework\spring-webmvc\6.2.5\spring-webmvc-6.2.5.jar;C:\Users\HP\.m2\repository\org\springframework\spring-aop\6.2.5\spring-aop-6.2.5.jar;C:\Users\HP\.m2\repository\org\springframework\spring-context\6.2.5\spring-context-6.2.5.jar;C:\Users\HP\.m2\repository\org\springframework\spring-expression\6.2.5\spring-expression-6.2.5.jar;C:\Users\HP\.m2\repository\org\springframework\boot\spring-boot-starter-validation\3.4.4\spring-boot-starter-validation-3.4.4.jar;C:\Users\HP\.m2\repository\org\apache\tomcat\embed\tomcat-embed-el\10.1.39\tomcat-embed-el-10.1.39.jar;C:\Users\HP\.m2\repository\org\hibernate\validator\hibernate-validator\8.0.2.Final\hibernate-validator-8.0.2.Final.jar;C:\Users\HP\.m2\repository\jakarta\validation\jakarta.validation-api\3.0.2\jakarta.validation-api-3.0.2.jar;C:\Users\HP\.m2\repository\org\jboss\logging\jboss-logging\3.6.1.Final\jboss-logging-3.6.1.Final.jar;C:\Users\HP\.m2\repository\com\fasterxml\classmate\1.7.0\classmate-1.7.0.jar;C:\Users\HP\.m2\repository\org\springframework\security\spring-security-crypto\6.4.4\spring-security-crypto-6.4.4.jar;C:\Users\HP\.m2\repository\org\apache\httpcomponents\client5\httpclient5\5.4.2\httpclient5-5.4.2.jar;C:\Users\HP\.m2\repository\org\apache\httpcomponents\core5\httpcore5\5.3.3\httpcore5-5.3.3.jar;C:\Users\HP\.m2\repository\org\apache\httpcomponents\core5\httpcore5-h2\5.3.3\httpcore5-h2-5.3.3.jar;C:\Users\HP\.m2\repository\org\slf4j\slf4j-api\2.0.17\slf4j-api-2.0.17.jar;C:\Users\HP\.m2\repository\org\eclipse\jgit\org.eclipse.jgit\6.10.0.202406032230-r\org.eclipse.jgit-6.10.0.202406032230-r.jar;C:\Users\HP\.m2\repository\com\googlecode\javaewah\JavaEWAH\1.2.3\JavaEWAH-1.2.3.jar;C:\Users\HP\.m2\repository\commons-codec\commons-codec\1.17.2\commons-codec-1.17.2.jar;C:\Users\HP\.m2\repository\org\eclipse\jgit\org.eclipse.jgit.http.apache\6.10.0.202406032230-r\org.eclipse.jgit.http.apache-6.10.0.202406032230-r.jar;C:\Users\HP\.m2\repository\org\apache\httpcomponents\httpclient\4.5.14\httpclient-4.5.14.jar;C:\Users\HP\.m2\repository\commons-logging\commons-logging\1.2\commons-logging-1.2.jar;C:\Users\HP\.m2\repository\org\apache\httpcomponents\httpcore\4.4.16\httpcore-4.4.16.jar;C:\Users\HP\.m2\repository\org\eclipse\jgit\org.eclipse.jgit.ssh.apache\6.10.0.202406032230-r\org.eclipse.jgit.ssh.apache-6.10.0.202406032230-r.jar;C:\Users\HP\.m2\repository\org\apache\sshd\sshd-osgi\2.12.1\sshd-osgi-2.12.1.jar;C:\Users\HP\.m2\repository\org\slf4j\jcl-over-slf4j\2.0.17\jcl-over-slf4j-2.0.17.jar;C:\Users\HP\.m2\repository\org\apache\sshd\sshd-sftp\2.12.1\sshd-sftp-2.12.1.jar;C:\Users\HP\.m2\repository\net\i2p\crypto\eddsa\0.3.0\eddsa-0.3.0.jar;C:\Users\HP\.m2\repository\org\yaml\snakeyaml\2.3\snakeyaml-2.3.jar;C:\Users\HP\.m2\repository\com\fasterxml\jackson\dataformat\jackson-dataformat-yaml\2.18.3\jackson-dataformat-yaml-2.18.3.jar;C:\Users\HP\.m2\repository\com\fasterxml\jackson\core\jackson-core\2.18.3\jackson-core-2.18.3.jar;C:\Users\HP\.m2\repository\org\springframework\cloud\spring-cloud-starter-netflix-eureka-client\4.2.1\spring-cloud-starter-netflix-eureka-client-4.2.1.jar;C:\Users\HP\.m2\repository\org\springframework\cloud\spring-cloud-starter\4.2.1\spring-cloud-starter-4.2.1.jar;C:\Users\HP\.m2\repository\org\springframework\cloud\spring-cloud-context\4.2.1\spring-cloud-context-4.2.1.jar;C:\Users\HP\.m2\repository\org\springframework\cloud\spring-cloud-commons\4.2.1\spring-cloud-commons-4.2.1.jar;C:\Users\HP\.m2\repository\org\bouncycastle\bcprov-jdk18on\1.78.1\bcprov-jdk18on-1.78.1.jar;C:\Users\HP\.m2\repository\org\springframework\cloud\spring-cloud-netflix-eureka-client\4.2.1\spring-cloud-netflix-eureka-client-4.2.1.jar;C:\Users\HP\.m2\repository\com\netflix\eureka\eureka-client\2.0.4\eureka-client-2.0.4.jar;C:\Users\HP\.m2\repository\com\thoughtworks\xstream\xstream\1.4.20\xstream-1.4.20.jar;C:\Users\HP\.m2\repository\io\github\x-stream\mxparser\1.2.2\mxparser-1.2.2.jar;C:\Users\HP\.m2\repository\xmlpull\xmlpull\1.1.3.1\xmlpull-1.1.3.1.jar;C:\Users\HP\.m2\repository\jakarta\ws\rs\jakarta.ws.rs-api\3.1.0\jakarta.ws.rs-api-3.1.0.jar;C:\Users\HP\.m2\repository\jakarta\inject\jakarta.inject-api\2.0.1\jakarta.inject-api-2.0.1.jar;C:\Users\HP\.m2\repository\jakarta\annotation\jakarta.annotation-api\2.1.1\jakarta.annotation-api-2.1.1.jar;C:\Users\HP\.m2\repository\com\netflix\spectator\spectator-api\1.7.3\spectator-api-1.7.3.jar;C:\Users\HP\.m2\repository\commons-configuration\commons-configuration\1.10\commons-configuration-1.10.jar;C:\Users\HP\.m2\repository\commons-lang\commons-lang\2.6\commons-lang-2.6.jar;C:\Users\HP\.m2\repository\com\netflix\netflix-commons\netflix-eventbus\0.3.0\netflix-eventbus-0.3.0.jar;C:\Users\HP\.m2\repository\com\netflix\netflix-commons\netflix-infix\0.3.0\netflix-infix-0.3.0.jar;C:\Users\HP\.m2\repository\commons-jxpath\commons-jxpath\1.3\commons-jxpath-1.3.jar;C:\Users\HP\.m2\repository\joda-time\joda-time\2.3\joda-time-2.3.jar;C:\Users\HP\.m2\repository\org\antlr\antlr-runtime\3.4\antlr-runtime-3.4.jar;C:\Users\HP\.m2\repository\org\antlr\stringtemplate\3.2.1\stringtemplate-3.2.1.jar;C:\Users\HP\.m2\repository\antlr\antlr\2.7.7\antlr-2.7.7.jar;C:\Users\HP\.m2\repository\com\google\guava\guava\14.0.1\guava-14.0.1.jar;C:\Users\HP\.m2\repository\com\google\code\gson\gson\2.11.0\gson-2.11.0.jar;C:\Users\HP\.m2\repository\com\google\errorprone\error_prone_annotations\2.27.0\error_prone_annotations-2.27.0.jar;C:\Users\HP\.m2\repository\com\netflix\servo\servo-core\0.5.3\servo-core-0.5.3.jar;C:\Users\HP\.m2\repository\org\apache\commons\commons-math\2.2\commons-math-2.2.jar;C:\Users\HP\.m2\repository\javax\annotation\javax.annotation-api\1.2\javax.annotation-api-1.2.jar;C:\Users\HP\.m2\repository\org\codehaus\jettison\jettison\1.5.4\jettison-1.5.4.jar;C:\Users\HP\.m2\repository\org\springframework\cloud\spring-cloud-starter-loadbalancer\4.2.1\spring-cloud-starter-loadbalancer-4.2.1.jar;C:\Users\HP\.m2\repository\org\springframework\cloud\spring-cloud-loadbalancer\4.2.1\spring-cloud-loadbalancer-4.2.1.jar;C:\Users\HP\.m2\repository\io\projectreactor\reactor-core\3.7.4\reactor-core-3.7.4.jar;C:\Users\HP\.m2\repository\org\reactivestreams\reactive-streams\1.0.4\reactive-streams-1.0.4.jar;C:\Users\HP\.m2\repository\io\projectreactor\addons\reactor-extra\3.5.2\reactor-extra-3.5.2.jar;C:\Users\HP\.m2\repository\org\springframework\boot\spring-boot-starter-cache\3.4.4\spring-boot-starter-cache-3.4.4.jar;C:\Users\HP\.m2\repository\org\springframework\spring-context-support\6.2.5\spring-context-support-6.2.5.jar;C:\Users\HP\.m2\repository\com\stoyanr\evictor\1.0.0\evictor-1.0.0.jar;C:\Users\HP\.m2\repository\org\springframework\boot\spring-boot-starter\3.4.4\spring-boot-starter-3.4.4.jar;C:\Users\HP\.m2\repository\org\springframework\boot\spring-boot\3.4.4\spring-boot-3.4.4.jar;C:\Users\HP\.m2\repository\org\springframework\boot\spring-boot-starter-logging\3.4.4\spring-boot-starter-logging-3.4.4.jar;C:\Users\HP\.m2\repository\ch\qos\logback\logback-classic\1.5.18\logback-classic-1.5.18.jar;C:\Users\HP\.m2\repository\ch\qos\logback\logback-core\1.5.18\logback-core-1.5.18.jar;C:\Users\HP\.m2\repository\org\apache\logging\log4j\log4j-to-slf4j\2.24.3\log4j-to-slf4j-2.24.3.jar;C:\Users\HP\.m2\repository\org\apache\logging\log4j\log4j-api\2.24.3\log4j-api-2.24.3.jar;C:\Users\HP\.m2\repository\org\slf4j\jul-to-slf4j\2.0.17\jul-to-slf4j-2.0.17.jar;C:\Users\HP\.m2\repository\org\springframework\spring-core\6.2.5\spring-core-6.2.5.jar;C:\Users\HP\.m2\repository\org\springframework\spring-jcl\6.2.5\spring-jcl-6.2.5.jar
Launcher Type: SUN_STANDARD

[Global flags]
     intx CICompilerCount                          = 4                                         {product} {ergonomic}
     uint ConcGCThreads                            = 2                                         {product} {ergonomic}
     uint G1ConcRefinementThreads                  = 8                                         {product} {ergonomic}
   size_t G1HeapRegionSize                         = 2097152                                   {product} {ergonomic}
   size_t InitialHeapSize                          = 266338304                                 {product} {ergonomic}
   size_t MarkStackSize                            = 4194304                                   {product} {ergonomic}
   size_t MarkStackSizeMax                         = 536870912                                 {product} {ergonomic}
   size_t MaxHeapSize                              = 4255121408                                {product} {ergonomic}
   size_t MaxNewSize                               = 2552233984                                {product} {ergonomic}
   size_t MinHeapDeltaBytes                        = 2097152                                   {product} {ergonomic}
   size_t MinHeapSize                              = 8388608                                   {product} {ergonomic}
    uintx NonNMethodCodeHeapSize                   = 5832704                                {pd product} {ergonomic}
    uintx NonProfiledCodeHeapSize                  = 122945536                              {pd product} {ergonomic}
    uintx ProfiledCodeHeapSize                     = 122880000                              {pd product} {ergonomic}
    uintx ReservedCodeCacheSize                    = 251658240                              {pd product} {ergonomic}
     bool SegmentedCodeCache                       = true                                      {product} {ergonomic}
   size_t SoftMaxHeapSize                          = 4255121408                             {manageable} {ergonomic}
     bool UseCompressedOops                        = true                           {product lp64_product} {ergonomic}
     bool UseG1GC                                  = true                                      {product} {ergonomic}
     bool UseLargePagesIndividualAllocation        = false                                  {pd product} {ergonomic}

Logging:
Log output configuration:
 #0: stdout all=warning uptime,level,tags foldmultilines=false
 #1: stderr all=off uptime,level,tags foldmultilines=false

Environment Variables:
PATH=C:\Program Files (x86)\Common Files\Intel\Shared Libraries\redist\intel64\compiler;C:\WINDOWS;C:\WINDOWS\System32\Wbem;C:\WINDOWS\System32\WindowsPowerShell\v1.0\;C:\WINDOWS\System32\OpenSSH\;C:\MinGW\bin;C:\Program Files\Git\cmd;E:\LANGUAGES\mongosh-1.10.6-win32-x64\mongosh-1.10.6-win32-x64\bin;C:\Program Files\MongoDB\Server\7.0\bin;C:\Users\HP\Downloads\flutter_windows_3.3.10-stable\flutter\bin;C:\ProgramData\chocolatey\bin;C:\nginx-1.26.3;C:\Program Files\MySQL\MySQL Shell 8.0\bin;C:\Program Files\java\jdk-17.0.12\bin;E:\RDR2\apache-maven-3.9.9\bin;C:\Program Files\nodejs\;C:\Windows\System32;C:\Program Files\MySQL\MySQL Shell 8.0\bin\;C:\Users\HP\AppData\Local\Programs\Python\Python311\Scripts\;C:\Users\HP\AppData\Local\Programs\Python\Python311\;C:\Users\HP\AppData\Local\Microsoft\WindowsApps;C:\Users\HP\AppData\Local\Programs\Microsoft VS Code\bin;C:\MinGW\bin;E:\LANGUAGES\mongosh-1.10.6-win32-x64\mongosh-1.10.6-win32-x64\bin;C:\Program Files\MongoDB\Server\7.0\bin;C:\Users\HP\Downloads\flutter_windows_3.3.10-stable\flutter\bin;C:\Program Files\JetBrains\IntelliJ IDEA 2024.2.3\bin;;C:\Program Files\JetBrains\IntelliJ IDEA Community Edition 2024.2.3\bin;;C:\nginx-1.26.3;C:\Program Files\java\jdk-17.0.12\bin;E:\RDR2\apache-maven-3.9.9\bin;C:\Users\HP\AppData\Roaming\npm
USERNAME=HP
OS=Windows_NT
PROCESSOR_IDENTIFIER=Intel64 Family 6 Model 158 Stepping 10, GenuineIntel
TMP=C:\Users\HP\AppData\Local\Temp
TEMP=C:\Users\HP\AppData\Local\Temp




Periodic native trim disabled

---------------  S Y S T E M  ---------------

OS:
 Windows 10 , 64 bit Build 19041 (10.0.19041.5438)
OS uptime: 0 days 11:37 hours

CPU: total 8 (initial active 8) (4 cores per cpu, 2 threads per core) family 6 model 158 stepping 10 microcode 0xf6, cx8, cmov, fxsr, ht, mmx, 3dnowpref, sse, sse2, sse3, ssse3, sse4.1, sse4.2, popcnt, lzcnt, tsc, tscinvbit, avx, avx2, aes, erms, clmul, bmi1, bmi2, adx, fma, vzeroupper, clflush, clflushopt, rdtscp, f16c
Processor Information for the first 8 processors :
  Max Mhz: 2400, Current Mhz: 2400, Mhz Limit: 2400

Memory: 4k page, system-wide physical 16225M (4529M free)
TotalPageFile size 32609M (AvailPageFile size 17191M)
current process WorkingSet (physical memory assigned to process): 186M, peak: 188M
current process commit charge ("private bytes"): 420M, peak: 423M

vm_info: OpenJDK 64-Bit Server VM (23.0.2+7-58) for windows-amd64 JRE (23.0.2+7-58), built on 2024-11-29T09:34:55Z with MS VC++ 17.6 (VS2022)

END.
